<?xml version="1.0" encoding="UTF-8"?>
<!-- Generated by org.testng.reporters.JUnitReportReporter -->
<testsuite skipped="0" hostname="Rajrk-PC" name="com.cucum.stepdefinition.Runner" tests="5" failures="0" timestamp="01 Dec 2021 08:50:05 GMT" time="33.988" errors="0">
  <testcase name="runScenario" time="0.746" classname="com.cucum.stepdefinition.Runner"/>
  <testcase name="runScenario" time="3.999" classname="com.cucum.stepdefinition.Runner"/>
  <testcase name="runScenario" time="3.658" classname="com.cucum.stepdefinition.Runner"/>
  <testcase name="runScenario" time="17.350" classname="com.cucum.stepdefinition.Runner"/>
  <testcase name="runScenario" time="8.235" classname="com.cucum.stepdefinition.Runner"/>
</testsuite> <!-- com.cucum.stepdefinition.Runner -->
